<?xml version="1.0" encoding="UTF-8"?>
<!-- Generated by org.testng.reporters.JUnitReportReporter -->
<testsuite hostname="DESKTOP-FLAOSQM" failures="0" tests="3" name="Test.SeleniumTest" time="1.730" errors="0" timestamp="2024-02-02T22:21:59 IST" skipped="0">
  <testcase classname="Test.SeleniumTest" name="validateFristSportsShoe" time="0.366"/>
  <system-out/>
  <testcase classname="Test.SeleniumTest" name="ValidateTitles" time="0.950"/>
  <system-out/>
  <testcase classname="Test.SeleniumTest" name="validateFristFromalShoe" time="0.414"/>
  <system-out/>
</testsuite> <!-- Test.SeleniumTest -->
